<?xml version="1.0" encoding="UTF-8"?>
<!-- Generated by org.testng.reporters.JUnitReportReporter -->
<testsuite hostname="DESKTOP-ORKTBJG" failures="0" tests="1" name="responseBodyValidation.GetResponseValidationWithIndex" time="15.503" errors="0" timestamp="2023-09-14T12:41:42 IST" skipped="0">
  <testcase classname="responseBodyValidation.GetResponseValidationWithIndex" name="grvIndex" time="15.503"/>
  <system-out/>
</testsuite> <!-- responseBodyValidation.GetResponseValidationWithIndex -->
