<?xml version="1.0" encoding="UTF-8"?>
<!-- Generated by org.testng.reporters.JUnitReportReporter -->
<testsuite hostname="DESKTOP-ORKTBJG" failures="0" tests="1" name="createProjectUsingHashMap.CreateProjectHashMap" time="3.496" errors="0" timestamp="2023-09-14T10:39:17 IST" skipped="0">
  <testcase classname="createProjectUsingHashMap.CreateProjectHashMap" name="createProjWithHashMap" time="3.496"/>
  <system-out/>
</testsuite> <!-- createProjectUsingHashMap.CreateProjectHashMap -->
