<?xml version="1.0" encoding="UTF-8"?>
<!-- Generated by org.testng.reporters.JUnitReportReporter -->
<testsuite hostname="DESKTOP-ORKTBJG" failures="0" tests="1" name="practice.ArrayObjectOrNot" time="14.740" errors="0" timestamp="2023-09-20T15:39:57 IST" skipped="0">
  <testcase classname="practice.ArrayObjectOrNot" name="arrayObj" time="14.740"/>
  <system-out/>
</testsuite> <!-- practice.ArrayObjectOrNot -->
