<?xml version="1.0" encoding="UTF-8"?>
<!-- Generated by org.testng.reporters.JUnitReportReporter -->
<testsuite hostname="DESKTOP-ORKTBJG" failures="0" tests="1" name="reqres.GetSingleUser" time="4.178" errors="0" timestamp="2023-09-13T13:24:09 IST" skipped="0">
  <testcase classname="reqres.GetSingleUser" name="getSingle" time="4.178"/>
  <system-out/>
</testsuite> <!-- reqres.GetSingleUser -->
