<?xml version="1.0" encoding="UTF-8"?>
<!-- Generated by org.testng.reporters.JUnitReportReporter -->
<testsuite hostname="DESKTOP-ORKTBJG" failures="0" tests="1" name="practice.DataMasking" time="3.274" errors="0" timestamp="2023-09-20T16:27:39 IST" skipped="0">
  <testcase classname="practice.DataMasking" name="dataMask" time="3.274"/>
  <system-out/>
</testsuite> <!-- practice.DataMasking -->
