<?xml version="1.0" encoding="UTF-8"?>
<!-- Generated by org.testng.reporters.JUnitReportReporter -->
<testsuite hostname="DESKTOP-ORKTBJG" failures="0" tests="1" name="crudWithoutBDD.CreateProject" time="3.509" errors="0" timestamp="2023-09-13T16:02:40 IST" skipped="0">
  <testcase classname="crudWithoutBDD.CreateProject" name="createProj" time="3.509"/>
  <system-out/>
</testsuite> <!-- crudWithoutBDD.CreateProject -->
