<?xml version="1.0" encoding="UTF-8"?>
<!-- Generated by org.testng.reporters.JUnitReportReporter -->
<testsuite hostname="DESKTOP-ORKTBJG" failures="0" tests="1" name="coops.AuthenticationWithFormParam" time="4.868" errors="0" timestamp="2023-09-15T16:19:57 IST" skipped="0">
  <testcase classname="coops.AuthenticationWithFormParam" name="eggsCollected" time="4.868"/>
  <system-out/>
</testsuite> <!-- coops.AuthenticationWithFormParam -->
