<?xml version="1.0" encoding="UTF-8"?>
<!-- Generated by org.testng.reporters.JUnitReportReporter -->
<testsuite hostname="DESKTOP-ORKTBJG" failures="0" tests="1" name="parameters.QueryParameter" time="3.764" errors="0" timestamp="2023-09-14T15:50:55 IST" skipped="0">
  <testcase classname="parameters.QueryParameter" name="queryParam" time="3.764"/>
  <system-out/>
</testsuite> <!-- parameters.QueryParameter -->
