<?xml version="1.0" encoding="UTF-8"?>
<!-- Generated by org.testng.reporters.JUnitReportReporter -->
<testsuite hostname="DESKTOP-ORKTBJG" failures="0" tests="1" name="reqresResponseBodyValidation.DynamicResponseValidation" time="5.563" errors="0" timestamp="2023-09-14T23:34:03 IST" skipped="0">
  <testcase classname="reqresResponseBodyValidation.DynamicResponseValidation" name="dynamic" time="5.563"/>
  <system-out/>
</testsuite> <!-- reqresResponseBodyValidation.DynamicResponseValidation -->
