<?xml version="1.0" encoding="UTF-8"?>
<!-- Generated by org.testng.reporters.JUnitReportReporter -->
<testsuite hostname="DESKTOP-ORKTBJG" failures="0" tests="1" name="reqresWithBDD.UpdateUser" time="4.262" errors="0" timestamp="2023-09-13T17:59:06 IST" skipped="0">
  <testcase classname="reqresWithBDD.UpdateUser" name="updateUser" time="4.262"/>
  <system-out/>
</testsuite> <!-- reqresWithBDD.UpdateUser -->
