<?xml version="1.0" encoding="UTF-8"?>
<!-- Generated by org.testng.reporters.JUnitReportReporter -->
<testsuite hostname="DESKTOP-ORKTBJG" failures="0" tests="1" name="practice.PostInShopperStack" time="4.523" errors="0" timestamp="2023-09-14T16:15:22 IST" skipped="0">
  <testcase classname="practice.PostInShopperStack" name="createUser" time="4.523"/>
  <system-out/>
</testsuite> <!-- practice.PostInShopperStack -->
