<?xml version="1.0" encoding="UTF-8"?>
<!-- Generated by org.testng.reporters.JUnitReportReporter -->
<testsuite hostname="DESKTOP-ORKTBJG" failures="0" tests="1" name="crudWithoutBDD.GetSingleProject" time="3.170" errors="0" timestamp="2023-09-13T12:59:00 IST" skipped="0">
  <testcase classname="crudWithoutBDD.GetSingleProject" name="getSingleProj" time="3.170"/>
  <system-out/>
</testsuite> <!-- crudWithoutBDD.GetSingleProject -->
