<?xml version="1.0" encoding="UTF-8"?>
<!-- Generated by org.testng.reporters.JUnitReportReporter -->
<testsuite hostname="DESKTOP-ORKTBJG" failures="0" tests="1" name="reqresWithBDD.GetSingleUser" time="3.449" errors="0" timestamp="2023-09-18T22:23:24 IST" skipped="0">
  <testcase classname="reqresWithBDD.GetSingleUser" name="getSingleUser" time="3.449"/>
  <system-out/>
</testsuite> <!-- reqresWithBDD.GetSingleUser -->
