<?xml version="1.0" encoding="UTF-8"?>
<!-- Generated by org.testng.reporters.JUnitReportReporter -->
<testsuite hostname="DESKTOP-ORKTBJG" failures="0" tests="5" name="dataProvider.DPFromExcel" time="7.284" errors="0" timestamp="2023-09-15T17:47:11 IST" skipped="0">
  <testcase classname="dataProvider.DPFromExcel" name="testingData" time="0.265"/>
  <system-out/>
  <testcase classname="dataProvider.DPFromExcel" name="testingData" time="0.165"/>
  <system-out/>
  <testcase classname="dataProvider.DPFromExcel" name="testingData" time="0.204"/>
  <system-out/>
  <testcase classname="dataProvider.DPFromExcel" name="testingData" time="0.285"/>
  <system-out/>
  <testcase classname="dataProvider.DPFromExcel" name="testingData" time="6.365"/>
  <system-out/>
</testsuite> <!-- dataProvider.DPFromExcel -->
