<?xml version="1.0" encoding="UTF-8"?>
<!-- Generated by org.testng.reporters.JUnitReportReporter -->
<testsuite hostname="DESKTOP-ORKTBJG" failures="0" tests="1" name="parameters.FormParameter" time="4.709" errors="0" timestamp="2023-09-14T16:10:04 IST" skipped="0">
  <testcase classname="parameters.FormParameter" name="formParam" time="4.709"/>
  <system-out/>
</testsuite> <!-- parameters.FormParameter -->
