<?xml version="1.0" encoding="UTF-8"?>
<!-- Generated by org.testng.reporters.JUnitReportReporter -->
<testsuite hostname="DESKTOP-ORKTBJG" failures="0" tests="1" name="serialization.CreateEmployeee" time="0.344" errors="0" timestamp="2023-09-19T11:31:33 IST" skipped="0">
  <testcase classname="serialization.CreateEmployeee" name="createEmpSerialization" time="0.344"/>
  <system-out/>
</testsuite> <!-- serialization.CreateEmployeee -->
