<?xml version="1.0" encoding="UTF-8"?>
<!-- Generated by org.testng.reporters.JUnitReportReporter -->
<testsuite hostname="DESKTOP-ORKTBJG" failures="0" tests="1" name="serialization.EmpComplexDataSerialization" time="0.365" errors="0" timestamp="2023-09-19T12:47:58 IST" skipped="0">
  <testcase classname="serialization.EmpComplexDataSerialization" name="empComplex" time="0.365"/>
  <system-out/>
</testsuite> <!-- serialization.EmpComplexDataSerialization -->
