<?xml version="1.0" encoding="UTF-8"?>
<!-- Generated by org.testng.reporters.JUnitReportReporter -->
<testsuite hostname="DESKTOP-ORKTBJG" failures="0" tests="1" name="crudWithBDD.DeleteProject" time="2.850" errors="0" timestamp="2023-09-13T16:35:13 IST" skipped="0">
  <testcase classname="crudWithBDD.DeleteProject" name="deleteProj" time="2.850"/>
  <system-out/>
</testsuite> <!-- crudWithBDD.DeleteProject -->
