<?xml version="1.0" encoding="UTF-8"?>
<!-- Generated by org.testng.reporters.JUnitReportReporter -->
<testsuite hostname="DESKTOP-ORKTBJG" failures="0" tests="1" name="crudWithBDD.UpdateProject" time="3.643" errors="0" timestamp="2023-09-13T16:12:36 IST" skipped="0">
  <testcase classname="crudWithBDD.UpdateProject" name="updateProj" time="3.643"/>
  <system-out/>
</testsuite> <!-- crudWithBDD.UpdateProject -->
