<?xml version="1.0" encoding="UTF-8"?>
<!-- Generated by org.testng.reporters.JUnitReportReporter -->
<testsuite hostname="DESKTOP-ORKTBJG" failures="0" tests="1" name="crudWithoutBDD.GetAllProjects" time="9.370" errors="0" timestamp="2023-09-13T12:35:36 IST" skipped="0">
  <testcase classname="crudWithoutBDD.GetAllProjects" name="getProjs" time="9.370"/>
  <system-out/>
</testsuite> <!-- crudWithoutBDD.GetAllProjects -->
