<?xml version="1.0" encoding="UTF-8"?>
<!-- Generated by org.testng.reporters.JUnitReportReporter -->
<testsuite hostname="DESKTOP-ORKTBJG" failures="0" tests="1" name="reqChaining.CreateProject" time="3.881" errors="0" timestamp="2023-09-14T13:10:32 IST" skipped="0">
  <testcase classname="reqChaining.CreateProject" name="createProj" time="3.881"/>
  <system-out/>
</testsuite> <!-- reqChaining.CreateProject -->
