<?xml version="1.0" encoding="UTF-8"?>
<!-- Generated by org.testng.reporters.JUnitReportReporter -->
<testsuite hostname="DESKTOP-ORKTBJG" failures="0" tests="1" name="testScripts.SecondScenario" time="10.434" errors="0" timestamp="2023-09-21T17:32:22 IST" skipped="0">
  <testcase classname="testScripts.SecondScenario" name="createProject" time="10.434"/>
  <system-out/>
</testsuite> <!-- testScripts.SecondScenario -->
