<?xml version="1.0" encoding="UTF-8"?>
<!-- Generated by org.testng.reporters.JUnitReportReporter -->
<testsuite hostname="DESKTOP-ORKTBJG" failures="0" tests="1" name="crudWithoutBDD.UpdateProject" time="3.591" errors="0" timestamp="2023-09-13T15:59:30 IST" skipped="0">
  <testcase classname="crudWithoutBDD.UpdateProject" name="updateProj" time="3.591"/>
  <system-out/>
</testsuite> <!-- crudWithoutBDD.UpdateProject -->
