<?xml version="1.0" encoding="UTF-8"?>
<!-- Generated by org.testng.reporters.JUnitReportReporter -->
<testsuite hostname="DESKTOP-ORKTBJG" failures="0" tests="1" name="parameters.PathParameter" time="4.869" errors="0" timestamp="2023-09-14T15:34:51 IST" skipped="0">
  <testcase classname="parameters.PathParameter" name="pathParam" time="4.869"/>
  <system-out/>
</testsuite> <!-- parameters.PathParameter -->
