<?xml version="1.0" encoding="UTF-8"?>
<!-- Generated by org.testng.reporters.JUnitReportReporter -->
<testsuite hostname="DESKTOP-ORKTBJG" failures="0" tests="1" name="reqresWithBDD.GetAllUsers" time="3.320" errors="0" timestamp="2023-09-13T17:17:33 IST" skipped="0">
  <testcase classname="reqresWithBDD.GetAllUsers" name="getAllUsers" time="3.320"/>
  <system-out/>
</testsuite> <!-- reqresWithBDD.GetAllUsers -->
