<?xml version="1.0" encoding="UTF-8"?>
<!-- Generated by org.testng.reporters.JUnitReportReporter -->
<testsuite hostname="DESKTOP-ORKTBJG" failures="0" tests="1" name="serialization.EmpComplexData" time="0.352" errors="0" timestamp="2023-09-19T12:12:59 IST" skipped="0">
  <testcase classname="serialization.EmpComplexData" name="empComplex" time="0.352"/>
  <system-out/>
</testsuite> <!-- serialization.EmpComplexData -->
