<?xml version="1.0" encoding="UTF-8"?>
<!-- Generated by org.testng.reporters.JUnitReportReporter -->
<testsuite hostname="DESKTOP-ORKTBJG" failures="0" tests="1" name="serialization.EmpComplexDeserialization" time="0.398" errors="0" timestamp="2023-09-19T12:24:05 IST" skipped="0">
  <testcase classname="serialization.EmpComplexDeserialization" name="empDeserializationComplex" time="0.398"/>
  <system-out/>
</testsuite> <!-- serialization.EmpComplexDeserialization -->
