<?xml version="1.0" encoding="UTF-8"?>
<!-- Generated by org.testng.reporters.JUnitReportReporter -->
<testsuite hostname="DESKTOP-ORKTBJG" failures="0" tests="1" name="responseBodyValidation.GetReponseValidationWithoutIndex" time="17.493" errors="0" timestamp="2023-09-14T12:58:26 IST" skipped="0">
  <testcase classname="responseBodyValidation.GetReponseValidationWithoutIndex" name="getResponse" time="17.493"/>
  <system-out/>
</testsuite> <!-- responseBodyValidation.GetReponseValidationWithoutIndex -->
