<?xml version="1.0" encoding="UTF-8"?>
<!-- Generated by org.testng.reporters.JUnitReportReporter -->
<testsuite hostname="DESKTOP-ORKTBJG" failures="0" tests="1" name="testScripts.CreateProjectAndValidate" time="4.616" errors="0" timestamp="2023-09-21T12:52:16 IST" skipped="0">
  <testcase classname="testScripts.CreateProjectAndValidate" name="createProjValid" time="4.616"/>
  <system-out/>
</testsuite> <!-- testScripts.CreateProjectAndValidate -->
