<?xml version="1.0" encoding="UTF-8"?>
<!-- Generated by org.testng.reporters.JUnitReportReporter -->
<testsuite hostname="DESKTOP-ORKTBJG" failures="0" tests="1" name="reqres.GetAllUsers" time="4.761" errors="0" timestamp="2023-09-13T13:20:15 IST" skipped="0">
  <testcase classname="reqres.GetAllUsers" name="getAllUsers" time="4.761"/>
  <system-out/>
</testsuite> <!-- reqres.GetAllUsers -->
