<?xml version="1.0" encoding="UTF-8"?>
<!-- Generated by org.testng.reporters.JUnitReportReporter -->
<testsuite hostname="DESKTOP-ORKTBJG" failures="0" tests="1" name="serialization.CreateEmployeeeSerialization" time="0.525" errors="0" timestamp="2023-09-19T12:47:41 IST" skipped="0">
  <testcase classname="serialization.CreateEmployeeeSerialization" name="createEmpSerialization" time="0.525"/>
  <system-out/>
</testsuite> <!-- serialization.CreateEmployeeeSerialization -->
