<?xml version="1.0" encoding="UTF-8"?>
<!-- Generated by org.testng.reporters.JUnitReportReporter -->
<testsuite hostname="DESKTOP-ORKTBJG" failures="0" tests="1" name="crudWithBDD.CreateProject" time="3.496" errors="0" timestamp="2023-09-19T10:28:33 IST" skipped="0">
  <testcase classname="crudWithBDD.CreateProject" name="createProj" time="3.496"/>
  <system-out/>
</testsuite> <!-- crudWithBDD.CreateProject -->
