<?xml version="1.0" encoding="UTF-8"?>
<!-- Generated by org.testng.reporters.JUnitReportReporter -->
<testsuite hostname="DESKTOP-ORKTBJG" failures="0" tests="1" name="reqresParameter.PathParameter" time="3.863" errors="0" timestamp="2023-09-15T10:19:14 IST" skipped="0">
  <testcase classname="reqresParameter.PathParameter" name="pathParam" time="3.863"/>
  <system-out/>
</testsuite> <!-- reqresParameter.PathParameter -->
