<?xml version="1.0" encoding="UTF-8"?>
<!-- Generated by org.testng.reporters.JUnitReportReporter -->
<testsuite hostname="DESKTOP-ORKTBJG" failures="0" tests="1" name="serialization.SerializeWithSpouse" time="0.326" errors="0" timestamp="2023-09-19T12:47:10 IST" skipped="0">
  <testcase classname="serialization.SerializeWithSpouse" name="serializePouse" time="0.326"/>
  <system-out/>
</testsuite> <!-- serialization.SerializeWithSpouse -->
