<?xml version="1.0" encoding="UTF-8"?>
<!-- Generated by org.testng.reporters.JUnitReportReporter -->
<testsuite hostname="DESKTOP-ORKTBJG" failures="0" tests="2" name="authentication.BearerTokenForGithub" time="5.692" errors="0" timestamp="2023-09-15T12:53:57 IST" skipped="0">
  <testcase classname="authentication.BearerTokenForGithub" name="bTokenForGetUser" time="0.994"/>
  <system-out/>
  <testcase classname="authentication.BearerTokenForGithub" name="bTokenForCreateUser" time="4.698"/>
  <system-out/>
</testsuite> <!-- authentication.BearerTokenForGithub -->
