<?xml version="1.0" encoding="UTF-8"?>
<!-- Generated by org.testng.reporters.JUnitReportReporter -->
<testsuite hostname="DESKTOP-ORKTBJG" failures="0" tests="1" name="testScripts.FourthScenario" time="10.690" errors="0" timestamp="2023-09-22T16:43:08 IST" skipped="0">
  <testcase classname="testScripts.FourthScenario" name="deleteProject" time="10.690"/>
  <system-out/>
</testsuite> <!-- testScripts.FourthScenario -->
