<?xml version="1.0" encoding="UTF-8"?>
<!-- Generated by org.testng.reporters.JUnitReportReporter -->
<testsuite hostname="DESKTOP-ORKTBJG" failures="0" tests="1" name="validation.HeaderValidation" time="2.867" errors="0" timestamp="2023-09-19T17:17:21 IST" skipped="0">
  <testcase classname="validation.HeaderValidation" name="headerValid" time="2.867"/>
  <system-out/>
</testsuite> <!-- validation.HeaderValidation -->
