<?xml version="1.0" encoding="UTF-8"?>
<!-- Generated by org.testng.reporters.JUnitReportReporter -->
<testsuite hostname="DESKTOP-ORKTBJG" failures="0" tests="1" name="serialization.EmployeeDeserialization" time="0.343" errors="0" timestamp="2023-09-19T11:21:15 IST" skipped="0">
  <testcase classname="serialization.EmployeeDeserialization" name="empDeSerialization" time="0.343"/>
  <system-out/>
</testsuite> <!-- serialization.EmployeeDeserialization -->
