<?xml version="1.0" encoding="UTF-8"?>
<!-- Generated by org.testng.reporters.JUnitReportReporter -->
<testsuite hostname="DESKTOP-ORKTBJG" failures="0" tests="1" name="crudWithBDD.GetSingleProject" time="2.846" errors="0" timestamp="2023-09-13T16:08:28 IST" skipped="0">
  <testcase classname="crudWithBDD.GetSingleProject" name="getSingleProj" time="2.846"/>
  <system-out/>
</testsuite> <!-- crudWithBDD.GetSingleProject -->
