<?xml version="1.0" encoding="UTF-8"?>
<!-- Generated by org.testng.reporters.JUnitReportReporter -->
<testsuite hostname="DESKTOP-ORKTBJG" failures="0" tests="1" name="reqresResponseBodyValidation.StaticResponseValidation" time="11.856" errors="0" timestamp="2023-09-14T21:22:34 IST" skipped="0">
  <testcase classname="reqresResponseBodyValidation.StaticResponseValidation" name="staticResponse" time="11.856"/>
  <system-out/>
</testsuite> <!-- reqresResponseBodyValidation.StaticResponseValidation -->
