<?xml version="1.0" encoding="UTF-8"?>
<!-- Generated by org.testng.reporters.JUnitReportReporter -->
<testsuite hostname="DESKTOP-ORKTBJG" failures="0" tests="1" name="testScripts.ThirdScenario" time="17.547" errors="0" timestamp="2023-09-22T12:07:08 IST" skipped="0">
  <testcase classname="testScripts.ThirdScenario" name="createProj" time="17.547"/>
  <system-out/>
</testsuite> <!-- testScripts.ThirdScenario -->
