<?xml version="1.0" encoding="UTF-8"?>
<!-- Generated by org.testng.reporters.JUnitReportReporter -->
<testsuite hostname="DESKTOP-ORKTBJG" failures="0" tests="1" name="serialization.DeseralizeWithSpouse" time="0.372" errors="0" timestamp="2023-09-19T13:03:10 IST" skipped="0">
  <testcase classname="serialization.DeseralizeWithSpouse" name="desWithSpouse" time="0.372"/>
  <system-out/>
</testsuite> <!-- serialization.DeseralizeWithSpouse -->
