<?xml version="1.0" encoding="UTF-8"?>
<!-- Generated by org.testng.reporters.JUnitReportReporter -->
<testsuite hostname="DESKTOP-ORKTBJG" failures="0" tests="1" name="reqresWithBDD.CreateUser" time="4.913" errors="0" timestamp="2023-09-14T17:21:07 IST" skipped="0">
  <testcase classname="reqresWithBDD.CreateUser" name="createUser" time="4.913"/>
  <system-out/>
</testsuite> <!-- reqresWithBDD.CreateUser -->
