<?xml version="1.0" encoding="UTF-8"?>
<!-- Generated by org.testng.reporters.JUnitReportReporter -->
<testsuite hostname="DESKTOP-ORKTBJG" failures="0" tests="1" name="rmgWithPojo.CreateProjectWithPojo" time="4.056" errors="0" timestamp="2023-09-14T10:30:29 IST" skipped="0">
  <testcase classname="rmgWithPojo.CreateProjectWithPojo" name="createProjWithPOJO" time="4.056"/>
  <system-out/>
</testsuite> <!-- rmgWithPojo.CreateProjectWithPojo -->
