<?xml version="1.0" encoding="UTF-8"?>
<!-- Generated by org.testng.reporters.JUnitReportReporter -->
<testsuite hostname="DESKTOP-ORKTBJG" failures="0" tests="1" name="reqChaining.GetSingleProject" time="4.859" errors="0" timestamp="2023-09-14T13:26:36 IST" skipped="0">
  <testcase classname="reqChaining.GetSingleProject" name="getProj" time="4.859"/>
  <system-out/>
</testsuite> <!-- reqChaining.GetSingleProject -->
