<?xml version="1.0" encoding="UTF-8"?>
<!-- Generated by org.testng.reporters.JUnitReportReporter -->
<testsuite hostname="DESKTOP-ORKTBJG" failures="0" tests="1" name="crudWithBDD.GetAllProjects" time="11.775" errors="0" timestamp="2023-09-14T12:40:08 IST" skipped="0">
  <testcase classname="crudWithBDD.GetAllProjects" name="getAllProjs" time="11.775"/>
  <system-out/>
</testsuite> <!-- crudWithBDD.GetAllProjects -->
