<?xml version="1.0" encoding="UTF-8"?>
<!-- Generated by org.testng.reporters.JUnitReportReporter -->
<testsuite hostname="DESKTOP-ORKTBJG" failures="0" tests="1" name="specBuilder.RequSpecBuilder" time="3.744" errors="0" timestamp="2023-09-20T10:57:24 IST" skipped="0">
  <testcase classname="specBuilder.RequSpecBuilder" name="reqSpecBuilder" time="3.744"/>
  <system-out/>
</testsuite> <!-- specBuilder.RequSpecBuilder -->
