<?xml version="1.0" encoding="UTF-8"?>
<!-- Generated by org.testng.reporters.JUnitReportReporter -->
<testsuite hostname="DESKTOP-ORKTBJG" failures="0" tests="1" name="testScripts.ThreeLayerCreateProject" time="9.200" errors="0" timestamp="2023-09-21T15:20:50 IST" skipped="0">
  <testcase classname="testScripts.ThreeLayerCreateProject" name="createProjectu" time="9.200"/>
  <system-out/>
</testsuite> <!-- testScripts.ThreeLayerCreateProject -->
