<?xml version="1.0" encoding="UTF-8"?>
<!-- Generated by org.testng.reporters.JUnitReportReporter -->
<testsuite hostname="DESKTOP-ORKTBJG" failures="0" tests="1" name="reqresWithBDD.DeleteUser" time="3.699" errors="0" timestamp="2023-09-13T18:03:28 IST" skipped="0">
  <testcase classname="reqresWithBDD.DeleteUser" name="deleteUser" time="3.699"/>
  <system-out/>
</testsuite> <!-- reqresWithBDD.DeleteUser -->
