<?xml version="1.0" encoding="UTF-8"?>
<!-- Generated by org.testng.reporters.JUnitReportReporter -->
<testsuite hostname="DESKTOP-ORKTBJG" failures="0" tests="1" name="schemaValidation.JsonSchemaValidation" time="4.079" errors="0" timestamp="2023-09-19T15:42:11 IST" skipped="0">
  <testcase classname="schemaValidation.JsonSchemaValidation" name="jsonSchemaValidate" time="4.079"/>
  <system-out/>
</testsuite> <!-- schemaValidation.JsonSchemaValidation -->
