<?xml version="1.0" encoding="UTF-8"?>
<!-- Generated by org.testng.reporters.JUnitReportReporter -->
<testsuite hostname="DESKTOP-ORKTBJG" failures="0" tests="1" name="scripts.CreateProject" time="8.322" errors="0" timestamp="2023-09-21T15:34:58 IST" skipped="0">
  <testcase classname="scripts.CreateProject" name="createProj" time="8.322"/>
  <system-out/>
</testsuite> <!-- scripts.CreateProject -->
