<?xml version="1.0" encoding="UTF-8"?>
<!-- Generated by org.testng.reporters.JUnitReportReporter -->
<testsuite hostname="DESKTOP-ORKTBJG" failures="0" tests="1" name="crudWithoutBDD.GetProject" time="12.354" errors="0" timestamp="2023-09-13T12:12:58 IST" skipped="0">
  <testcase classname="crudWithoutBDD.GetProject" name="getProj" time="12.354"/>
  <system-out/>
</testsuite> <!-- crudWithoutBDD.GetProject -->
