<?xml version="1.0" encoding="UTF-8"?>
<!-- Generated by org.testng.reporters.JUnitReportReporter -->
<testsuite hostname="DESKTOP-ORKTBJG" failures="0" tests="1" name="reqres.CreateUser" time="4.899" errors="0" timestamp="2023-09-13T13:12:18 IST" skipped="0">
  <testcase classname="reqres.CreateUser" name="createUser" time="4.899"/>
  <system-out/>
</testsuite> <!-- reqres.CreateUser -->
