<?xml version="1.0" encoding="UTF-8"?>
<!-- Generated by org.testng.reporters.JUnitReportReporter -->
<testsuite hostname="DESKTOP-ORKTBJG" failures="0" tests="1" name="reqres.UpdateUser" time="4.157" errors="0" timestamp="2023-09-13T15:13:25 IST" skipped="0">
  <testcase classname="reqres.UpdateUser" name="updateProj" time="4.157"/>
  <system-out/>
</testsuite> <!-- reqres.UpdateUser -->
