<?xml version="1.0" encoding="UTF-8"?>
<!-- Generated by org.testng.reporters.JUnitReportReporter -->
<testsuite hostname="DESKTOP-ORKTBJG" failures="0" tests="1" name="reqresParameter.QueryParameter" time="3.375" errors="0" timestamp="2023-09-15T10:15:23 IST" skipped="0">
  <testcase classname="reqresParameter.QueryParameter" name="queryParam" time="3.375"/>
  <system-out/>
</testsuite> <!-- reqresParameter.QueryParameter -->
