<?xml version="1.0" encoding="UTF-8"?>
<!-- Generated by org.testng.reporters.JUnitReportReporter -->
<testsuite hostname="DESKTOP-ORKTBJG" failures="0" tests="1" name="crudWithoutBDD.DeleteProject" time="3.374" errors="0" timestamp="2023-09-13T12:58:37 IST" skipped="0">
  <testcase classname="crudWithoutBDD.DeleteProject" name="deleteProj" time="3.374"/>
  <system-out/>
</testsuite> <!-- crudWithoutBDD.DeleteProject -->
